<?xml version="1.0" encoding="UTF-8"?>
<testsuite name="examples.ExamplesTest" tests="1" skipped="0" failures="0" errors="0" timestamp="2021-12-25T09:30:26" hostname="DESKTOP-BOUAO79" time="6.396">
  <properties/>
  <testcase name="testParallel()" classname="examples.ExamplesTest" time="6.396"/>
  <system-out><![CDATA[null
15:00:28.020 [Test worker] INFO  com.intuit.karate.Runner - waiting for parallel features to complete ...
15:00:28.314 [ForkJoinPool-1-worker-3] INFO  com.intuit.karate - karate.env system property was:  
15:00:28.317 [ForkJoinPool-1-worker-1] INFO  com.intuit.karate - karate.env system property was:  
15:00:28.318 [ForkJoinPool-1-worker-5] INFO  com.intuit.karate - karate.env system property was:  
15:00:28.319 [ForkJoinPool-1-worker-4] INFO  com.intuit.karate - karate.env system property was:  
15:00:28.341 [ForkJoinPool-1-worker-2] INFO  com.intuit.karate - karate.env system property was:  
15:00:29.487 [ForkJoinPool-1-worker-5] DEBUG com.intuit.karate - request:
1 > GET https://reqres.in/api/users%3Fpage=2
1 > Accept: application/json
1 > Accept-Encoding: gzip,deflate
1 > Connection: Keep-Alive
1 > Host: reqres.in
1 > User-Agent: Apache-HttpClient/4.5.12 (Java/1.8.0_301)

15:00:29.492 [ForkJoinPool-1-worker-2] DEBUG com.intuit.karate - request:
1 > GET https://reqres.in/api/users%3Fpage=2
1 > Accept: application/json
1 > Accept-Encoding: gzip,deflate
1 > Connection: Keep-Alive
1 > Host: reqres.in
1 > User-Agent: Apache-HttpClient/4.5.12 (Java/1.8.0_301)

15:00:29.496 [ForkJoinPool-1-worker-3] DEBUG com.intuit.karate - request:
1 > PUT https://reqres.in/api/users/2
1 > Accept-Encoding: gzip,deflate
1 > Connection: Keep-Alive
1 > Content-Length: 35
1 > Content-Type: application/json; charset=UTF-8
1 > Host: reqres.in
1 > User-Agent: Apache-HttpClient/4.5.12 (Java/1.8.0_301)
{"name":"Raam","job":"QA Engineer"}

15:00:29.493 [ForkJoinPool-1-worker-4] DEBUG com.intuit.karate - request:
1 > POST https://reqres.in/api/users
1 > Accept: application/json
1 > Accept-Encoding: gzip,deflate
1 > Connection: Keep-Alive
1 > Content-Length: 32
1 > Content-Type: application/json; charset=UTF-8
1 > Host: reqres.in
1 > User-Agent: Apache-HttpClient/4.5.12 (Java/1.8.0_301)
{"name":"Ramesh","job":"Tester"}

15:00:29.503 [ForkJoinPool-1-worker-1] DEBUG com.intuit.karate - request:
1 > POST https://reqres.in/api/users
1 > Accept: application/json
1 > Accept-Encoding: gzip,deflate
1 > Connection: Keep-Alive
1 > Content-Length: 32
1 > Content-Type: application/json; charset=UTF-8
1 > Host: reqres.in
1 > User-Agent: Apache-HttpClient/4.5.12 (Java/1.8.0_301)
{"name":"Ramesh","job":"Tester"}

15:00:29.900 [ForkJoinPool-1-worker-2] DEBUG com.intuit.karate - response time in milliseconds: 393.94
1 < 200
1 < Age: 22
1 < CF-Cache-Status: HIT
1 < CF-RAY: 6c310d121f6083f5-BLR
1 < Cache-Control: max-age=14400
1 < Connection: keep-alive
1 < Content-Type: application/json; charset=utf-8
1 < Date: Sat, 25 Dec 2021 09:30:30 GMT
1 < Expect-CT: max-age=604800, report-uri="https://report-uri.cloudflare.com/cdn-cgi/beacon/expect-ct"
1 < NEL: {"success_fraction":0,"report_to":"cf-nel","max_age":604800}
1 < Report-To: {"endpoints":[{"url":"https:\/\/a.nel.cloudflare.com\/report\/v3?s=ShWdm2Fd9vlTWSDAQzHx0kOwTuB82WonscEDF5k9mhwq4JhBdOlohphnDjU1pGNzxduW6rJbwNoWiR1IvQHN3vLDfZ3vyBANSlS1gpiXvgOIqE42e5sPjt%2BSFJA%3D"}],"group":"cf-nel","max_age":604800}
1 < Server: cloudflare
1 < Transfer-Encoding: chunked
1 < Vary: Accept-Encoding
1 < access-control-allow-origin: *
1 < alt-svc: h3=":443"; ma=86400, h3-29=":443"; ma=86400, h3-28=":443"; ma=86400, h3-27=":443"; ma=86400
1 < etag: W/"2c1-N6Rqerxquq2kgQhL51EiSg4x0R8"
1 < via: 1.1 vegur
1 < x-powered-by: Express
{
  "page": 1,
  "per_page": 6,
  "total": 12,
  "total_pages": 2,
  "data": [
    {
      "id": 1,
      "name": "cerulean",
      "year": 2000,
      "color": "#98B2D1",
      "pantone_value": "15-4020"
    },
    {
      "id": 2,
      "name": "fuchsia rose",
      "year": 2001,
      "color": "#C74375",
      "pantone_value": "17-2031"
    },
    {
      "id": 3,
      "name": "true red",
      "year": 2002,
      "color": "#BF1932",
      "pantone_value": "19-1664"
    },
    {
      "id": 4,
      "name": "aqua sky",
      "year": 2003,
      "color": "#7BC4C4",
      "pantone_value": "14-4811"
    },
    {
      "id": 5,
      "name": "tigerlily",
      "year": 2004,
      "color": "#E2583E",
      "pantone_value": "17-1456"
    },
    {
      "id": 6,
      "name": "blue turquoise",
      "year": 2005,
      "color": "#53B0AE",
      "pantone_value": "15-5217"
    }
  ],
  "support": {
    "url": "https://reqres.in/#support-heading",
    "text": "To keep ReqRes free, contributions towards server costs are appreciated!"
  }
}


15:00:29.901 [ForkJoinPool-1-worker-5] DEBUG com.intuit.karate - response time in milliseconds: 392.63
1 < 200
1 < Age: 22
1 < CF-Cache-Status: HIT
1 < CF-RAY: 6c310d121d6a3c12-BLR
1 < Cache-Control: max-age=14400
1 < Connection: keep-alive
1 < Content-Type: application/json; charset=utf-8
1 < Date: Sat, 25 Dec 2021 09:30:30 GMT
1 < Expect-CT: max-age=604800, report-uri="https://report-uri.cloudflare.com/cdn-cgi/beacon/expect-ct"
1 < NEL: {"success_fraction":0,"report_to":"cf-nel","max_age":604800}
1 < Report-To: {"endpoints":[{"url":"https:\/\/a.nel.cloudflare.com\/report\/v3?s=OTLO2kH%2FKGkA9XlzRgOdMzN%2BYIXdvOA2cYERmUdOJYx4tQYNprPtdFzFGn31%2F%2FxK7Nmp6YBeCpfRmHpm3ijvlDoZ8wuqeq2MngSms4Vt1wo7G9LRUMunccZb5zg%3D"}],"group":"cf-nel","max_age":604800}
1 < Server: cloudflare
1 < Transfer-Encoding: chunked
1 < Vary: Accept-Encoding
1 < access-control-allow-origin: *
1 < alt-svc: h3=":443"; ma=86400, h3-29=":443"; ma=86400, h3-28=":443"; ma=86400, h3-27=":443"; ma=86400
1 < etag: W/"2c1-N6Rqerxquq2kgQhL51EiSg4x0R8"
1 < via: 1.1 vegur
1 < x-powered-by: Express
{
  "page": 1,
  "per_page": 6,
  "total": 12,
  "total_pages": 2,
  "data": [
    {
      "id": 1,
      "name": "cerulean",
      "year": 2000,
      "color": "#98B2D1",
      "pantone_value": "15-4020"
    },
    {
      "id": 2,
      "name": "fuchsia rose",
      "year": 2001,
      "color": "#C74375",
      "pantone_value": "17-2031"
    },
    {
      "id": 3,
      "name": "true red",
      "year": 2002,
      "color": "#BF1932",
      "pantone_value": "19-1664"
    },
    {
      "id": 4,
      "name": "aqua sky",
      "year": 2003,
      "color": "#7BC4C4",
      "pantone_value": "14-4811"
    },
    {
      "id": 5,
      "name": "tigerlily",
      "year": 2004,
      "color": "#E2583E",
      "pantone_value": "17-1456"
    },
    {
      "id": 6,
      "name": "blue turquoise",
      "year": 2005,
      "color": "#53B0AE",
      "pantone_value": "15-5217"
    }
  ],
  "support": {
    "url": "https://reqres.in/#support-heading",
    "text": "To keep ReqRes free, contributions towards server costs are appreciated!"
  }
}


15:00:29.933 [ForkJoinPool-1-worker-2] INFO  com.intuit.karate - [print] {
  "per_page": 6,
  "total": 12,
  "data": [
    {
      "color": "#98B2D1",
      "year": 2000,
      "name": "cerulean",
      "id": 1,
      "pantone_value": "15-4020"
    },
    {
      "color": "#C74375",
      "year": 2001,
      "name": "fuchsia rose",
      "id": 2,
      "pantone_value": "17-2031"
    },
    {
      "color": "#BF1932",
      "year": 2002,
      "name": "true red",
      "id": 3,
      "pantone_value": "19-1664"
    },
    {
      "color": "#7BC4C4",
      "year": 2003,
      "name": "aqua sky",
      "id": 4,
      "pantone_value": "14-4811"
    },
    {
      "color": "#E2583E",
      "year": 2004,
      "name": "tigerlily",
      "id": 5,
      "pantone_value": "17-1456"
    },
    {
      "color": "#53B0AE",
      "year": 2005,
      "name": "blue turquoise",
      "id": 6,
      "pantone_value": "15-5217"
    }
  ],
  "page": 1,
  "total_pages": 2,
  "support": {
    "text": "To keep ReqRes free, contributions towards server costs are appreciated!",
    "url": "https://reqres.in/#support-heading"
  }
}

15:00:29.935 [ForkJoinPool-1-worker-2] INFO  com.intuit.karate - [print] 394
15:00:29.935 [ForkJoinPool-1-worker-2] INFO  com.intuit.karate - [print] 200
15:00:29.936 [ForkJoinPool-1-worker-2] INFO  com.intuit.karate - [print] {
  "Date": [
    "Sat, 25 Dec 2021 09:30:30 GMT"
  ],
  "Content-Type": [
    "application/json; charset=utf-8"
  ],
  "Transfer-Encoding": [
    "chunked"
  ],
  "Connection": [
    "keep-alive"
  ],
  "x-powered-by": [
    "Express"
  ],
  "access-control-allow-origin": [
    "*"
  ],
  "etag": [
    "W/\"2c1-N6Rqerxquq2kgQhL51EiSg4x0R8\""
  ],
  "via": [
    "1.1 vegur"
  ],
  "Cache-Control": [
    "max-age=14400"
  ],
  "CF-Cache-Status": [
    "HIT"
  ],
  "Age": [
    "22"
  ],
  "Expect-CT": [
    "max-age=604800, report-uri=\"https://report-uri.cloudflare.com/cdn-cgi/beacon/expect-ct\""
  ],
  "Report-To": [
    "{\"endpoints\":[{\"url\":\"https:\\/\\/a.nel.cloudflare.com\\/report\\/v3?s=ShWdm2Fd9vlTWSDAQzHx0kOwTuB82WonscEDF5k9mhwq4JhBdOlohphnDjU1pGNzxduW6rJbwNoWiR1IvQHN3vLDfZ3vyBANSlS1gpiXvgOIqE42e5sPjt%2BSFJA%3D\"}],\"group\":\"cf-nel\",\"max_age\":604800}"
  ],
  "NEL": [
    "{\"success_fraction\":0,\"report_to\":\"cf-nel\",\"max_age\":604800}"
  ],
  "Vary": [
    "Accept-Encoding"
  ],
  "Server": [
    "cloudflare"
  ],
  "CF-RAY": [
    "6c310d121f6083f5-BLR"
  ],
  "alt-svc": [
    "h3=\":443\"; ma=86400, h3-29=\":443\"; ma=86400, h3-28=\":443\"; ma=86400, h3-27=\":443\"; ma=86400"
  ]
}

15:00:29.938 [ForkJoinPool-1-worker-2] INFO  com.intuit.karate - [print] 
15:00:29.943 [ForkJoinPool-1-worker-5] INFO  com.intuit.karate - [print] {
  "per_page": 6,
  "total": 12,
  "data": [
    {
      "color": "#98B2D1",
      "year": 2000,
      "name": "cerulean",
      "id": 1,
      "pantone_value": "15-4020"
    },
    {
      "color": "#C74375",
      "year": 2001,
      "name": "fuchsia rose",
      "id": 2,
      "pantone_value": "17-2031"
    },
    {
      "color": "#BF1932",
      "year": 2002,
      "name": "true red",
      "id": 3,
      "pantone_value": "19-1664"
    },
    {
      "color": "#7BC4C4",
      "year": 2003,
      "name": "aqua sky",
      "id": 4,
      "pantone_value": "14-4811"
    },
    {
      "color": "#E2583E",
      "year": 2004,
      "name": "tigerlily",
      "id": 5,
      "pantone_value": "17-1456"
    },
    {
      "color": "#53B0AE",
      "year": 2005,
      "name": "blue turquoise",
      "id": 6,
      "pantone_value": "15-5217"
    }
  ],
  "page": 1,
  "total_pages": 2,
  "support": {
    "text": "To keep ReqRes free, contributions towards server costs are appreciated!",
    "url": "https://reqres.in/#support-heading"
  }
}

15:00:29.951 [ForkJoinPool-1-worker-2] INFO  com.intuit.karate - karate.env system property was:  
15:00:29.957 [ForkJoinPool-1-worker-2] DEBUG com.intuit.karate - request:
1 > DELETE https://reqres.in/api/users/2
1 > Accept-Encoding: gzip,deflate
1 > Connection: Keep-Alive
1 > Host: reqres.in
1 > User-Agent: Apache-HttpClient/4.5.12 (Java/1.8.0_301)

15:00:29.964 [ForkJoinPool-1-worker-5] INFO  com.intuit.karate - karate.env system property was:  
15:00:29.989 [ForkJoinPool-1-worker-5] DEBUG com.intuit.karate - request:
1 > GET https://reqres.in/api/users?page=2
1 > Accept: application/json
1 > Accept-Encoding: gzip,deflate
1 > Connection: Keep-Alive
1 > Host: reqres.in
1 > User-Agent: Apache-HttpClient/4.5.12 (Java/1.8.0_301)

15:00:30.039 [ForkJoinPool-1-worker-5] DEBUG com.intuit.karate - response time in milliseconds: 47.74
1 < 200
1 < Age: 6094
1 < CF-Cache-Status: HIT
1 < CF-RAY: 6c310d13084e3c0c-BLR
1 < Cache-Control: max-age=14400
1 < Connection: keep-alive
1 < Content-Type: application/json; charset=utf-8
1 < Date: Sat, 25 Dec 2021 09:30:30 GMT
1 < Expect-CT: max-age=604800, report-uri="https://report-uri.cloudflare.com/cdn-cgi/beacon/expect-ct"
1 < NEL: {"success_fraction":0,"report_to":"cf-nel","max_age":604800}
1 < Report-To: {"endpoints":[{"url":"https:\/\/a.nel.cloudflare.com\/report\/v3?s=sGTmszQHAZd7pg%2F2BiAuRCV%2BMjYuV9KF5HYOKxGeJDMlvoPznnD4ZuMgaMTUjG0bO1BcIZXr%2FmftTyI4tOQoY2yHMDj8z3oR2DpFdjN7HlDiht2Sy4H0hh00m1A%3D"}],"group":"cf-nel","max_age":604800}
1 < Server: cloudflare
1 < Transfer-Encoding: chunked
1 < Vary: Accept-Encoding
1 < access-control-allow-origin: *
1 < alt-svc: h3=":443"; ma=86400, h3-29=":443"; ma=86400, h3-28=":443"; ma=86400, h3-27=":443"; ma=86400
1 < etag: W/"406-ut0vzoCuidvyMf8arZpMpJ6ZRDw"
1 < via: 1.1 vegur
1 < x-powered-by: Express
{
  "page": 2,
  "per_page": 6,
  "total": 12,
  "total_pages": 2,
  "data": [
    {
      "id": 7,
      "email": "michael.lawson@reqres.in",
      "first_name": "Michael",
      "last_name": "Lawson",
      "avatar": "https://reqres.in/img/faces/7-image.jpg"
    },
    {
      "id": 8,
      "email": "lindsay.ferguson@reqres.in",
      "first_name": "Lindsay",
      "last_name": "Ferguson",
      "avatar": "https://reqres.in/img/faces/8-image.jpg"
    },
    {
      "id": 9,
      "email": "tobias.funke@reqres.in",
      "first_name": "Tobias",
      "last_name": "Funke",
      "avatar": "https://reqres.in/img/faces/9-image.jpg"
    },
    {
      "id": 10,
      "email": "byron.fields@reqres.in",
      "first_name": "Byron",
      "last_name": "Fields",
      "avatar": "https://reqres.in/img/faces/10-image.jpg"
    },
    {
      "id": 11,
      "email": "george.edwards@reqres.in",
      "first_name": "George",
      "last_name": "Edwards",
      "avatar": "https://reqres.in/img/faces/11-image.jpg"
    },
    {
      "id": 12,
      "email": "rachel.howell@reqres.in",
      "first_name": "Rachel",
      "last_name": "Howell",
      "avatar": "https://reqres.in/img/faces/12-image.jpg"
    }
  ],
  "support": {
    "url": "https://reqres.in/#support-heading",
    "text": "To keep ReqRes free, contributions towards server costs are appreciated!"
  }
}


15:00:30.041 [ForkJoinPool-1-worker-5] INFO  com.intuit.karate - [print] {
  "per_page": 6,
  "total": 12,
  "data": [
    {
      "last_name": "Lawson",
      "id": 7,
      "avatar": "https://reqres.in/img/faces/7-image.jpg",
      "first_name": "Michael",
      "email": "michael.lawson@reqres.in"
    },
    {
      "last_name": "Ferguson",
      "id": 8,
      "avatar": "https://reqres.in/img/faces/8-image.jpg",
      "first_name": "Lindsay",
      "email": "lindsay.ferguson@reqres.in"
    },
    {
      "last_name": "Funke",
      "id": 9,
      "avatar": "https://reqres.in/img/faces/9-image.jpg",
      "first_name": "Tobias",
      "email": "tobias.funke@reqres.in"
    },
    {
      "last_name": "Fields",
      "id": 10,
      "avatar": "https://reqres.in/img/faces/10-image.jpg",
      "first_name": "Byron",
      "email": "byron.fields@reqres.in"
    },
    {
      "last_name": "Edwards",
      "id": 11,
      "avatar": "https://reqres.in/img/faces/11-image.jpg",
      "first_name": "George",
      "email": "george.edwards@reqres.in"
    },
    {
      "last_name": "Howell",
      "id": 12,
      "avatar": "https://reqres.in/img/faces/12-image.jpg",
      "first_name": "Rachel",
      "email": "rachel.howell@reqres.in"
    }
  ],
  "page": 2,
  "total_pages": 2,
  "support": {
    "text": "To keep ReqRes free, contributions towards server costs are appreciated!",
    "url": "https://reqres.in/#support-heading"
  }
}

15:00:30.053 [ForkJoinPool-1-worker-5] INFO  com.intuit.karate - karate.env system property was:  
15:00:30.058 [ForkJoinPool-1-worker-5] DEBUG com.intuit.karate - request:
1 > GET https://reqres.in/api/users?page=2
1 > Accept: application/json
1 > Accept-Encoding: gzip,deflate
1 > Connection: Keep-Alive
1 > Host: reqres.in
1 > User-Agent: Apache-HttpClient/4.5.12 (Java/1.8.0_301)

15:00:30.110 [ForkJoinPool-1-worker-5] DEBUG com.intuit.karate - response time in milliseconds: 48.97
1 < 200
1 < Age: 6094
1 < CF-Cache-Status: HIT
1 < CF-RAY: 6c310d1378823c0c-BLR
1 < Cache-Control: max-age=14400
1 < Connection: keep-alive
1 < Content-Type: application/json; charset=utf-8
1 < Date: Sat, 25 Dec 2021 09:30:30 GMT
1 < Expect-CT: max-age=604800, report-uri="https://report-uri.cloudflare.com/cdn-cgi/beacon/expect-ct"
1 < NEL: {"success_fraction":0,"report_to":"cf-nel","max_age":604800}
1 < Report-To: {"endpoints":[{"url":"https:\/\/a.nel.cloudflare.com\/report\/v3?s=JHoOqf8Ycv1Jtr5jSwQ5cMMckw0jX2ElKy5j%2BmGYlLslsxGd9DQGA83fmsiz62hEeQOEtU4biiSAj1SgbiilcRWCzqVzngfZ2%2FCOisHJ%2BMs%2FtpfysHYtSdLaUrw%3D"}],"group":"cf-nel","max_age":604800}
1 < Server: cloudflare
1 < Transfer-Encoding: chunked
1 < Vary: Accept-Encoding
1 < access-control-allow-origin: *
1 < alt-svc: h3=":443"; ma=86400, h3-29=":443"; ma=86400, h3-28=":443"; ma=86400, h3-27=":443"; ma=86400
1 < etag: W/"406-ut0vzoCuidvyMf8arZpMpJ6ZRDw"
1 < via: 1.1 vegur
1 < x-powered-by: Express
{
  "page": 2,
  "per_page": 6,
  "total": 12,
  "total_pages": 2,
  "data": [
    {
      "id": 7,
      "email": "michael.lawson@reqres.in",
      "first_name": "Michael",
      "last_name": "Lawson",
      "avatar": "https://reqres.in/img/faces/7-image.jpg"
    },
    {
      "id": 8,
      "email": "lindsay.ferguson@reqres.in",
      "first_name": "Lindsay",
      "last_name": "Ferguson",
      "avatar": "https://reqres.in/img/faces/8-image.jpg"
    },
    {
      "id": 9,
      "email": "tobias.funke@reqres.in",
      "first_name": "Tobias",
      "last_name": "Funke",
      "avatar": "https://reqres.in/img/faces/9-image.jpg"
    },
    {
      "id": 10,
      "email": "byron.fields@reqres.in",
      "first_name": "Byron",
      "last_name": "Fields",
      "avatar": "https://reqres.in/img/faces/10-image.jpg"
    },
    {
      "id": 11,
      "email": "george.edwards@reqres.in",
      "first_name": "George",
      "last_name": "Edwards",
      "avatar": "https://reqres.in/img/faces/11-image.jpg"
    },
    {
      "id": 12,
      "email": "rachel.howell@reqres.in",
      "first_name": "Rachel",
      "last_name": "Howell",
      "avatar": "https://reqres.in/img/faces/12-image.jpg"
    }
  ],
  "support": {
    "url": "https://reqres.in/#support-heading",
    "text": "To keep ReqRes free, contributions towards server costs are appreciated!"
  }
}


15:00:30.112 [ForkJoinPool-1-worker-5] INFO  com.intuit.karate - [print] {
  "per_page": 6,
  "total": 12,
  "data": [
    {
      "last_name": "Lawson",
      "id": 7,
      "avatar": "https://reqres.in/img/faces/7-image.jpg",
      "first_name": "Michael",
      "email": "michael.lawson@reqres.in"
    },
    {
      "last_name": "Ferguson",
      "id": 8,
      "avatar": "https://reqres.in/img/faces/8-image.jpg",
      "first_name": "Lindsay",
      "email": "lindsay.ferguson@reqres.in"
    },
    {
      "last_name": "Funke",
      "id": 9,
      "avatar": "https://reqres.in/img/faces/9-image.jpg",
      "first_name": "Tobias",
      "email": "tobias.funke@reqres.in"
    },
    {
      "last_name": "Fields",
      "id": 10,
      "avatar": "https://reqres.in/img/faces/10-image.jpg",
      "first_name": "Byron",
      "email": "byron.fields@reqres.in"
    },
    {
      "last_name": "Edwards",
      "id": 11,
      "avatar": "https://reqres.in/img/faces/11-image.jpg",
      "first_name": "George",
      "email": "george.edwards@reqres.in"
    },
    {
      "last_name": "Howell",
      "id": 12,
      "avatar": "https://reqres.in/img/faces/12-image.jpg",
      "first_name": "Rachel",
      "email": "rachel.howell@reqres.in"
    }
  ],
  "page": 2,
  "total_pages": 2,
  "support": {
    "text": "To keep ReqRes free, contributions towards server costs are appreciated!",
    "url": "https://reqres.in/#support-heading"
  }
}

15:00:30.193 [ForkJoinPool-1-worker-4] DEBUG com.intuit.karate - response time in milliseconds: 690.00
1 < 201
1 < CF-Cache-Status: DYNAMIC
1 < CF-RAY: 6c310d121cec3c13-BLR
1 < Connection: keep-alive
1 < Content-Length: 82
1 < Content-Type: application/json; charset=utf-8
1 < Date: Sat, 25 Dec 2021 09:30:30 GMT
1 < Expect-CT: max-age=604800, report-uri="https://report-uri.cloudflare.com/cdn-cgi/beacon/expect-ct"
1 < NEL: {"success_fraction":0,"report_to":"cf-nel","max_age":604800}
1 < Report-To: {"endpoints":[{"url":"https:\/\/a.nel.cloudflare.com\/report\/v3?s=159g9MgotFdBMWyfRtCeYFWOUlKOytwHFP4oxKB9swf3Lgva7BJYxLQFMr4430eIaV0D4fODi1DlR8r8HeVngbZm0ll7JXW7VcAQe1TYs9Pj1%2BwC9hCpw6%2FHDrM%3D"}],"group":"cf-nel","max_age":604800}
1 < Server: cloudflare
1 < access-control-allow-origin: *
1 < alt-svc: h3=":443"; ma=86400, h3-29=":443"; ma=86400, h3-28=":443"; ma=86400, h3-27=":443"; ma=86400
1 < etag: W/"52-Yay27t90RIXerfd25D/lE/B2khM"
1 < via: 1.1 vegur
1 < x-powered-by: Express
{"name":"Ramesh","job":"Tester","id":"822","createdAt":"2021-12-25T09:30:30.335Z"}

15:00:30.195 [ForkJoinPool-1-worker-4] INFO  com.intuit.karate - [print] {
  "createdAt": "2021-12-25T09:30:30.335Z",
  "name": "Ramesh",
  "id": "822",
  "job": "Tester"
}

15:00:30.199 [ForkJoinPool-1-worker-4] DEBUG com.intuit.karate - request:
1 > POST https://reqres.in/api/users
1 > Accept-Encoding: gzip,deflate
1 > Connection: Keep-Alive
1 > Content-Length: 32
1 > Content-Type: application/json; charset=UTF-8
1 > Host: reqres.in
1 > User-Agent: Apache-HttpClient/4.5.12 (Java/1.8.0_301)
{"name":"Ramesh","job":"Tester"}

15:00:30.203 [ForkJoinPool-1-worker-1] DEBUG com.intuit.karate - response time in milliseconds: 690.96
1 < 201
1 < CF-Cache-Status: DYNAMIC
1 < CF-RAY: 6c310d121c6e3c00-BLR
1 < Connection: keep-alive
1 < Content-Length: 80
1 < Content-Type: application/json; charset=utf-8
1 < Date: Sat, 25 Dec 2021 09:30:30 GMT
1 < Expect-CT: max-age=604800, report-uri="https://report-uri.cloudflare.com/cdn-cgi/beacon/expect-ct"
1 < NEL: {"success_fraction":0,"report_to":"cf-nel","max_age":604800}
1 < Report-To: {"endpoints":[{"url":"https:\/\/a.nel.cloudflare.com\/report\/v3?s=AVEHKULWPPugOpZ%2FzcTP3stZlvuVebHMIa%2FSQ7%2BvIrnsXp2vXbWgO87XSnLdJjhtR2dbhhe6IfcrBasFApG%2Fuu73pQ8ggq9PztVwjHVN7aO1RQk7GCJlGzN91CE%3D"}],"group":"cf-nel","max_age":604800}
1 < Server: cloudflare
1 < access-control-allow-origin: *
1 < alt-svc: h3=":443"; ma=86400, h3-29=":443"; ma=86400, h3-28=":443"; ma=86400, h3-27=":443"; ma=86400
1 < etag: W/"50-pqlRa91t++SmBHyJx1bq3aaVZwE"
1 < via: 1.1 vegur
1 < x-powered-by: Express
{"name":"Ramesh","job":"Tester","id":"7","createdAt":"2021-12-25T09:30:30.339Z"}

15:00:30.213 [ForkJoinPool-1-worker-1] INFO  com.intuit.karate - [print] {
  "createdAt": "2021-12-25T09:30:30.339Z",
  "name": "Ramesh",
  "id": "7",
  "job": "Tester"
}

15:00:30.215 [ForkJoinPool-1-worker-3] DEBUG com.intuit.karate - response time in milliseconds: 712.65
1 < 200
1 < CF-Cache-Status: DYNAMIC
1 < CF-RAY: 6c310d121f5e83f5-BLR
1 < Connection: keep-alive
1 < Content-Type: application/json; charset=utf-8
1 < Date: Sat, 25 Dec 2021 09:30:30 GMT
1 < Expect-CT: max-age=604800, report-uri="https://report-uri.cloudflare.com/cdn-cgi/beacon/expect-ct"
1 < NEL: {"success_fraction":0,"report_to":"cf-nel","max_age":604800}
1 < Report-To: {"endpoints":[{"url":"https:\/\/a.nel.cloudflare.com\/report\/v3?s=4ETJRDrkeiLfObOnZtlP29L7d7Ps1fNosoPe9YjxbM2dTAflp6qM07U%2BYiU7bQemqr2J76ArybcvnK%2F8HgM1MdBCRCV1MokcJKM447pQE6LyKUn0X4J%2BdUtWulY%3D"}],"group":"cf-nel","max_age":604800}
1 < Server: cloudflare
1 < Transfer-Encoding: chunked
1 < Vary: Accept-Encoding
1 < access-control-allow-origin: *
1 < alt-svc: h3=":443"; ma=86400, h3-29=":443"; ma=86400, h3-28=":443"; ma=86400, h3-27=":443"; ma=86400
1 < etag: W/"4a-M59lurAffx1XZUshap1z4dDW//s"
1 < via: 1.1 vegur
1 < x-powered-by: Express
{"name":"Raam","job":"QA Engineer","updatedAt":"2021-12-25T09:30:30.350Z"}

15:00:30.218 [ForkJoinPool-1-worker-3] INFO  com.intuit.karate - [print] {
  "name": "Raam",
  "job": "QA Engineer",
  "updatedAt": "2021-12-25T09:30:30.350Z"
}

15:00:30.218 [ForkJoinPool-1-worker-3] INFO  com.intuit.karate - [print] 200
15:00:30.262 [pool-1-thread-5] INFO  com.intuit.karate.Runner - <<pass>> feature 5 of 5: classpath:examples/users/Put.feature
15:00:30.262 [pool-1-thread-4] INFO  com.intuit.karate.Runner - <<pass>> feature 4 of 5: classpath:examples/users/PostHeader.feature
---------------------------------------------------------
feature: classpath:examples/users/PostHeader.feature
report: build\surefire-reports\examples.users.PostHeader.json
scenarios:  1 | passed:  1 | failed:  0 | time: 1.7747
---------------------------------------------------------
---------------------------------------------------------
feature: classpath:examples/users/Put.feature
report: build\surefire-reports\examples.users.Put.json
scenarios:  1 | passed:  1 | failed:  0 | time: 1.7811
---------------------------------------------------------
15:00:30.264 [pool-1-thread-2] INFO  com.intuit.karate.Runner - <<pass>> feature 2 of 5: classpath:examples/users/get.feature
---------------------------------------------------------
feature: classpath:examples/users/get.feature
report: build\surefire-reports\examples.users.get.json
scenarios:  4 | passed:  4 | failed:  0 | time: 3.1582
---------------------------------------------------------
15:00:30.320 [ForkJoinPool-1-worker-2] DEBUG com.intuit.karate - response time in milliseconds: 362.45
1 < 204
1 < CF-Cache-Status: DYNAMIC
1 < CF-RAY: 6c310d12eb2183f3-BLR
1 < Connection: keep-alive
1 < Content-Length: 0
1 < Date: Sat, 25 Dec 2021 09:30:30 GMT
1 < Expect-CT: max-age=604800, report-uri="https://report-uri.cloudflare.com/cdn-cgi/beacon/expect-ct"
1 < NEL: {"success_fraction":0,"report_to":"cf-nel","max_age":604800}
1 < Report-To: {"endpoints":[{"url":"https:\/\/a.nel.cloudflare.com\/report\/v3?s=YPnqYQBqfkdJxJELTTdpsNZ2szgeCI7ops9mz44CxvLRqmeNDcAPIX0l02LBOHN0%2FGSPKU08A7YBcY0LXzMxAC%2BKAUaMQ2hvYxXVEsxoStXLxXBO6P6tHFa0iMs%3D"}],"group":"cf-nel","max_age":604800}
1 < Server: cloudflare
1 < access-control-allow-origin: *
1 < alt-svc: h3=":443"; ma=86400, h3-29=":443"; ma=86400, h3-28=":443"; ma=86400, h3-27=":443"; ma=86400
1 < etag: W/"2-vyGp6PvFo4RvsFtPoIWeCReyIC8"
1 < via: 1.1 vegur
1 < x-powered-by: Express

15:00:30.322 [ForkJoinPool-1-worker-2] INFO  com.intuit.karate - [print] 204
15:00:30.323 [ForkJoinPool-1-worker-2] INFO  com.intuit.karate - [print] 
15:00:30.334 [pool-1-thread-1] INFO  com.intuit.karate.Runner - <<pass>> feature 1 of 5: classpath:examples/users/Delete.feature
---------------------------------------------------------
feature: classpath:examples/users/Delete.feature
report: build\surefire-reports\examples.users.Delete.json
scenarios:  1 | passed:  1 | failed:  0 | time: 0.3694
---------------------------------------------------------
15:00:30.563 [ForkJoinPool-1-worker-4] DEBUG com.intuit.karate - response time in milliseconds: 362.74
1 < 201
1 < CF-Cache-Status: DYNAMIC
1 < CF-RAY: 6c310d14591c3c0c-BLR
1 < Connection: keep-alive
1 < Content-Length: 82
1 < Content-Type: application/json; charset=utf-8
1 < Date: Sat, 25 Dec 2021 09:30:30 GMT
1 < Expect-CT: max-age=604800, report-uri="https://report-uri.cloudflare.com/cdn-cgi/beacon/expect-ct"
1 < NEL: {"success_fraction":0,"report_to":"cf-nel","max_age":604800}
1 < Report-To: {"endpoints":[{"url":"https:\/\/a.nel.cloudflare.com\/report\/v3?s=2jagYMhMm1UNF2BxPTqbcIlSuI1FK2RO5UbXVMIY02ntoQaDjoVnx%2FLZ7V3ryV5Ml0Y3whVM7DWz2BG7xdtWtqQvjHD9uCiHvzSTrtvyE3wzLquYnXw%2FCGSK29Q%3D"}],"group":"cf-nel","max_age":604800}
1 < Server: cloudflare
1 < access-control-allow-origin: *
1 < alt-svc: h3=":443"; ma=86400, h3-29=":443"; ma=86400, h3-28=":443"; ma=86400, h3-27=":443"; ma=86400
1 < etag: W/"52-nVBMGr5Lx9Gte/MPzYWYXHLDIHA"
1 < via: 1.1 vegur
1 < x-powered-by: Express
{"name":"Ramesh","job":"Tester","id":"805","createdAt":"2021-12-25T09:30:30.701Z"}

15:00:30.566 [ForkJoinPool-1-worker-4] INFO  com.intuit.karate - [print] {
  "createdAt": "2021-12-25T09:30:30.701Z",
  "name": "Ramesh",
  "id": "805",
  "job": "Tester"
}

15:00:30.586 [pool-1-thread-3] INFO  com.intuit.karate.Runner - <<pass>> feature 3 of 5: classpath:examples/users/Post.feature
---------------------------------------------------------
feature: classpath:examples/users/Post.feature
report: build\surefire-reports\examples.users.Post.json
scenarios:  1 | passed:  1 | failed:  0 | time: 2.1291
---------------------------------------------------------

HTML report: (paste into browser to view) | Karate version: 0.9.6
file:/C:/Users/Lenovo/IdeaProjects/karate-archetype/build/surefire-reports/karate-summary.html
===================================================================

Karate version: 0.9.6
======================================================
elapsed:   3.75 | threads:    5 | thread time: 9.21 
features:     5 | ignored:    0 | efficiency: 0.49
scenarios:    8 | passed:     8 | failed: 0
======================================================

]]></system-out>
  <system-err><![CDATA[Dec 25, 2021 3:00:31 PM net.masterthought.cucumber.ReportParser parseJsonFiles
INFO: File 'C:\Users\Lenovo\IdeaProjects\karate-archetype\build\surefire-reports\examples.users.Delete.json' contains 1 features
Dec 25, 2021 3:00:31 PM net.masterthought.cucumber.ReportParser parseJsonFiles
INFO: File 'C:\Users\Lenovo\IdeaProjects\karate-archetype\build\surefire-reports\examples.users.get.json' contains 1 features
Dec 25, 2021 3:00:31 PM net.masterthought.cucumber.ReportParser parseJsonFiles
INFO: File 'C:\Users\Lenovo\IdeaProjects\karate-archetype\build\surefire-reports\examples.users.Post.json' contains 1 features
Dec 25, 2021 3:00:31 PM net.masterthought.cucumber.ReportParser parseJsonFiles
INFO: File 'C:\Users\Lenovo\IdeaProjects\karate-archetype\build\surefire-reports\examples.users.PostHeader.json' contains 1 features
Dec 25, 2021 3:00:31 PM net.masterthought.cucumber.ReportParser parseJsonFiles
INFO: File 'C:\Users\Lenovo\IdeaProjects\karate-archetype\build\surefire-reports\examples.users.Put.json' contains 1 features
]]></system-err>
</testsuite>
